[2024-11-16 02:49:55] Web Server sedang berjalan
[2024-11-16 02:50:00]  * Request : GET /test_get.php?nama=eko&alamat=malang HTTP/1.1
[2024-11-16 02:50:00]  * Response : HTTP/1.1 404 Not Found
[2024-11-16 02:50:35] Web Server telah dihentikan.
[2024-11-16 02:51:36] Web Server sedang berjalan
[2024-11-16 02:51:39]  * Request : GET /test_get.php?nama=eko&alamat=malang HTTP/1.1
[2024-11-16 02:53:06] Web Server sedang berjalan
[2024-11-16 02:53:10]  * Request : GET /test_get.php?nama=eko&alamat=malang HTTP/1.1
[2024-11-16 02:54:15] Web Server sedang berjalan
[2024-11-16 02:54:20]  * Request : GET /test_get.php?nama=eko&alamat=malang HTTP/1.1
[2024-11-16 02:55:21] Web Server sedang berjalan
[2024-11-16 02:55:25]  * Request : GET /test_get.php?nama=eko&alamat=malang HTTP/1.1
[2024-11-16 02:58:53] Web Server sedang berjalan
[2024-11-16 02:58:58]  * Request : GET /test_get.php?nama=eko&alamat=malang HTTP/1.1
[2024-11-16 03:04:27] Web Server sedang berjalan
[2024-11-16 03:04:34]  * Request : GET /test_get.php?nama=eko&alamat=malang HTTP/1.1
[2024-11-16 03:04:35]  * Response : HTTP/1.1 200 OK
[2024-11-16 03:05:10]  * Request : GET /test_get.php?nama=eko&alamat=surabaya HTTP/1.1
[2024-11-16 03:05:10]  * Response : HTTP/1.1 200 OK
[2024-11-16 03:12:01] Web Server telah dihentikan.
[2024-11-16 03:12:04] Web Server sedang berjalan
[2024-11-16 03:12:10]  * Request : GET /login.html HTTP/1.1
[2024-11-16 03:12:10]  * Response : HTTP/1.1 200 OK
[2024-11-16 03:12:20]  * Request : POST /test_post.php HTTP/1.1
[2024-11-16 03:12:20]  * Response : HTTP/1.1 200 OK
[2024-11-16 03:14:51] Web Server telah dihentikan.
[2024-11-16 03:14:57] Web Server sedang berjalan
[2024-11-16 03:15:04]  * Request : POST /test_post.php HTTP/1.1
[2024-11-16 03:15:04]  * Response : HTTP/1.1 200 OK
[2024-11-16 03:16:02] Web Server telah dihentikan.
[2024-11-16 03:16:09] Web Server sedang berjalan
[2024-11-16 03:16:17]  * Request : GET /test_get.php?nama=eko&alamat=malang HTTP/1.1
[2024-11-16 03:16:17]  * Response : HTTP/1.1 200 OK
[2024-11-16 03:16:25]  * Request : GET /login.html HTTP/1.1
[2024-11-16 03:16:25]  * Response : HTTP/1.1 200 OK
[2024-11-16 03:16:33]  * Request : POST /test_post.php HTTP/1.1
[2024-11-16 03:16:33]  * Response : HTTP/1.1 200 OK
[2024-11-16 03:41:41] Web Server telah dihentikan.
[2024-11-16 03:41:51] Web Server sedang berjalan
[2024-11-16 03:42:03] Ada koneksi dari 127.0.0.1
[2024-11-16 03:42:03]  * Request : GET / HTTP/1.1
[2024-11-16 03:42:03]  * Response : HTTP/1.1 200 OK
[2024-11-16 03:42:03] Ada koneksi dari 127.0.0.1
[2024-11-16 03:42:03]  * Request : GET /style.css HTTP/1.1
[2024-11-16 03:42:03]  * Response : HTTP/1.1 200 OK
[2024-11-16 03:42:03] Ada koneksi dari 127.0.0.1
[2024-11-16 03:42:03]  * Request : GET /cameraman.png HTTP/1.1
[2024-11-16 03:42:03]  * Response : HTTP/1.1 200 OK
[2024-11-16 03:42:06] Ada koneksi dari 127.0.0.1
[2024-11-16 03:42:06]  * Request : GET /login.html HTTP/1.1
[2024-11-16 03:42:06]  * Response : HTTP/1.1 200 OK
[2024-11-16 03:42:09] Ada koneksi dari 127.0.0.1
[2024-11-16 03:42:09]  * Request : GET /test_get.php?nama=eko&alamat=malang HTTP/1.1
[2024-11-16 03:42:09]  * Response : HTTP/1.1 200 OK
[2024-11-16 03:42:18] Ada koneksi dari 127.0.0.1
[2024-11-16 03:42:18]  * Request : GET /login.html HTTP/1.1
[2024-11-16 03:42:18]  * Response : HTTP/1.1 200 OK
[2024-11-16 03:42:26] Ada koneksi dari 127.0.0.1
[2024-11-16 03:42:26]  * Request : POST /test_post.php HTTP/1.1
[2024-11-16 03:42:26]  * Response : HTTP/1.1 200 OK
[2024-11-16 03:42:26] Ada koneksi dari 127.0.0.1
